<?xml version="1.0" encoding="UTF-8"?>
<coverage generated="1650945520484" clover="3.2.0">
  <project timestamp="1650945520484" name="All files">
    <metrics statements="11" coveredstatements="11" conditionals="1" coveredconditionals="1" methods="5" coveredmethods="5" elements="17" coveredelements="17" complexity="0" loc="11" ncloc="11" packages="1" files="1" classes="1"/>
    <file name="calculator.services.ts" path="/Users/emerson.vergara/Developer/Project/Language/tsdx/tool-general/src/services/calculator.services.ts">
      <metrics statements="11" coveredstatements="11" conditionals="1" coveredconditionals="1" methods="5" coveredmethods="5"/>
      <line num="1" count="1" type="stmt"/>
      <line num="2" count="1" type="stmt"/>
      <line num="3" count="1" type="stmt"/>
      <line num="6" count="1" type="stmt"/>
      <line num="7" count="1" type="stmt"/>
      <line num="10" count="1" type="stmt"/>
      <line num="11" count="3" type="stmt"/>
      <line num="14" count="1" type="stmt"/>
      <line num="15" count="2" type="cond" truecount="1" falsecount="0"/>
      <line num="16" count="2" type="stmt"/>
      <line num="18" count="1" type="stmt"/>
    </file>
  </project>
</coverage>
