{"/Users/emerson.vergara/Developer/Project/Language/tsdx/tool-general/src/services/calculator.services.ts": {"path":"/Users/emerson.vergara/Developer/Project/Language/tsdx/tool-general/src/services/calculator.services.ts","statementMap":{"0":{"start":{"line":1,"column":0},"end":{"line":1,"column":13}},"1":{"start":{"line":2,"column":2},"end":{"line":4,"column":null}},"2":{"start":{"line":3,"column":4},"end":{"line":3,"column":29}},"3":{"start":{"line":6,"column":2},"end":{"line":8,"column":null}},"4":{"start":{"line":7,"column":4},"end":{"line":7,"column":32}},"5":{"start":{"line":10,"column":2},"end":{"line":12,"column":null}},"6":{"start":{"line":11,"column":4},"end":{"line":11,"column":40}},"7":{"start":{"line":14,"column":2},"end":{"line":17,"column":null}},"8":{"start":{"line":15,"column":4},"end":{"line":15,"column":37}},"9":{"start":{"line":15,"column":24},"end":{"line":15,"column":37}},"10":{"start":{"line":16,"column":4},"end":{"line":16,"column":30}},"11":{"start":{"line":18,"column":0},"end":{"line":18,"column":null}},"12":{"start":{"line":1,"column":13},"end":{"line":1,"column":31}}},"fnMap":{"0":{"name":"(anonymous_0)","decl":{"start":{"line":1,"column":0},"end":{"line":1,"column":13}},"loc":{"start":{"line":1,"column":0},"end":{"line":18,"column":null}}},"1":{"name":"(anonymous_2)","decl":{"start":{"line":2,"column":2},"end":{"line":2,"column":5}},"loc":{"start":{"line":2,"column":38},"end":{"line":4,"column":3}}},"2":{"name":"(anonymous_3)","decl":{"start":{"line":6,"column":2},"end":{"line":6,"column":10}},"loc":{"start":{"line":6,"column":46},"end":{"line":8,"column":3}}},"3":{"name":"(anonymous_4)","decl":{"start":{"line":10,"column":2},"end":{"line":10,"column":10}},"loc":{"start":{"line":10,"column":54},"end":{"line":12,"column":3}}},"4":{"name":"(anonymous_5)","decl":{"start":{"line":14,"column":2},"end":{"line":14,"column":10}},"loc":{"start":{"line":14,"column":44},"end":{"line":17,"column":3}}}},"branchMap":{"0":{"loc":{"start":{"line":15,"column":4},"end":{"line":15,"column":37}},"type":"if","locations":[{"start":{"line":15,"column":4},"end":{"line":15,"column":37}}]}},"s":{"0":1,"1":1,"2":1,"3":1,"4":1,"5":1,"6":3,"7":1,"8":2,"9":1,"10":2,"11":1,"12":1},"f":{"0":8,"1":1,"2":1,"3":3,"4":2},"b":{"0":[1]}}
}
